Build started 5/31/2016 15:39:15.
     1>Project "C:\Users\Luna\Programming Projects\IGMTutorial\Graphics\GeometricLightingImproved\Geometric_Lighting_Improved-GLFW\Geometric_Lighting_Improved-GLFW.vcxproj" on node 2 (Build target(s)).
     1>ClCompile:
         C:\Program Files (x86)\Microsoft Visual Studio 12.0\VC\bin\CL.exe /c /ZI /nologo /W3 /WX- /Od /Oy- /D WIN32 /D _DEBUG /D _CONSOLE /D _LIB /D _UNICODE /D UNICODE /Gm /EHsc /RTC1 /MDd /GS /fp:precise /Zc:wchar_t /Zc:forScope /Fo"Debug\\" /Fd"Debug\vc120.pdb" /Gd /TP /analyze- /errorReport:prompt B_Spline.cpp CameraManager.cpp Init_Shader.cpp InputManager.cpp LightingManager.cpp main.cpp Patch.cpp RenderManager.cpp RenderShape.cpp
         RenderShape.cpp
         RenderManager.cpp
         Patch.cpp
         main.cpp
     1>c:\users\luna\programming projects\igmtutorial\graphics\geometriclightingimproved\geometric_lighting_improved-glfw\main.cpp(301): warning C4305: 'initializing' : truncation from 'double' to 'GLfloat'
     1>c:\users\luna\programming projects\igmtutorial\graphics\geometriclightingimproved\geometric_lighting_improved-glfw\main.cpp(459): warning C4244: 'initializing' : conversion from 'double' to 'float', possible loss of data
         LightingManager.cpp
     1>c:\users\luna\programming projects\igmtutorial\graphics\geometriclightingimproved\geometric_lighting_improved-glfw\lightingmanager.cpp(31): warning C4996: 'itoa': The POSIX name for this item is deprecated. Instead, use the ISO C++ conformant name: _itoa. See online help for details.
                 c:\program files (x86)\microsoft visual studio 12.0\vc\include\stdlib.h(937) : see declaration of 'itoa'
         InputManager.cpp
         Init_Shader.cpp
         CameraManager.cpp
         B_Spline.cpp
         Generating Code...
       Link:
         C:\Program Files (x86)\Microsoft Visual Studio 12.0\VC\bin\link.exe /ERRORREPORT:PROMPT /OUT:"C:\Users\Luna\Programming Projects\IGMTutorial\Graphics\GeometricLightingImproved\Debug\Geometric_Lighting_Improved-GLFW.exe" /INCREMENTAL /NOLOGO glfw3.lib opengl32.lib glew32.lib kernel32.lib user32.lib gdi32.lib winspool.lib comdlg32.lib advapi32.lib shell32.lib ole32.lib oleaut32.lib uuid.lib odbc32.lib odbccp32.lib /MANIFEST /MANIFESTUAC:"level='asInvoker' uiAccess='false'" /manifest:embed /DEBUG /PDB:"C:\Users\Luna\Programming Projects\IGMTutorial\Graphics\GeometricLightingImproved\Debug\Geometric_Lighting_Improved-GLFW.pdb" /SUBSYSTEM:CONSOLE /TLBID:1 /DYNAMICBASE /NXCOMPAT /IMPLIB:"C:\Users\Luna\Programming Projects\IGMTutorial\Graphics\GeometricLightingImproved\Debug\Geometric_Lighting_Improved-GLFW.lib" /MACHINE:X86 Debug\B_Spline.obj
         Debug\CameraManager.obj
         Debug\Init_Shader.obj
         Debug\InputManager.obj
         Debug\LightingManager.obj
         Debug\main.obj
         Debug\Patch.obj
         Debug\RenderManager.obj
         Debug\RenderShape.obj
     1>LINK : warning LNK4098: defaultlib 'MSVCRT' conflicts with use of other libs; use /NODEFAULTLIB:library
         Geometric_Lighting_Improved-GLFW.vcxproj -> C:\Users\Luna\Programming Projects\IGMTutorial\Graphics\GeometricLightingImproved\Debug\Geometric_Lighting_Improved-GLFW.exe
     1>Done Building Project "C:\Users\Luna\Programming Projects\IGMTutorial\Graphics\GeometricLightingImproved\Geometric_Lighting_Improved-GLFW\Geometric_Lighting_Improved-GLFW.vcxproj" (Build target(s)).

Build succeeded.

Time Elapsed 00:00:03.05
